17:09:06.876 skipping bootstrap configuration: could not find or read file: classpath:karate-config.js
17:09:08.428 request:
1 > POST http://localhost:8081/CreateAPI/webapi/users
1 > Accept-Encoding: gzip,deflate
1 > Authorization: Bearer DR51Wbbg5flAACWiV-eKDQOQN7kRiPcdMvJD
1 > Connection: Keep-Alive
1 > Content-Length: 114
1 > Content-Type: application/json; charset=UTF-8
1 > Host: localhost:8081
1 > User-Agent: Apache-HttpClient/4.5.5 (Java/1.8.0_181)
{"date":"2019-10-29T09:08:11.599Z[UTC]","email":"Varadharajan@gmail.com","firstName":"Varadha","lastName":"Rajan"}

17:09:08.645 response time in milliseconds: 202.12
1 < 200
1 < Content-Length: 121
1 < Content-Type: application/json
1 < Date: Tue, 29 Oct 2019 11:39:08 GMT
{"date":"2019-10-29T09:08:11.599Z[UTC]","email":"Varadharajan@gmail.com","firstName":"Varadha","id":3,"lastName":"Rajan"}

><style type="text/css">h1 {font-family:Tahoma,Arial,sans-serif;color:white;background-color:#525D76;font-size:22px;} h2 {font-family:Tahoma,Arial,sans-serif;color:white;background-color:#525D76;font-size:16px;} h3 {font-family:Tahoma,Arial,sans-serif;color:white;background-color:#525D76;font-size:14px;} body {font-family:Tahoma,Arial,sans-serif;color:black;background-color:white;} b {font-family:Tahoma,Arial,sans-serif;color:white;background-color:#525D76;} p {font-family:Tahoma,Arial,sans-serif;background:white;color:black;font-size:12px;} a {color:black;} a.name {color:black;} .line {height:1px;background-color:#525D76;border:none;}</style></head><body><h1>HTTP Status 500 – Internal Server Error</h1><hr class="line" /><p><b>Type</b> Exception Report</p><p><b>Message</b> javax.ws.rs.ProcessingException: Error deserializing object from entity stream.</p><p><b>Description</b> The server encountered an unexpected condition that prevented it from fulfilling the request.</p><p><b>Exception</b></p><pre>javax.servlet.ServletException: javax.ws.rs.ProcessingException: Error deserializing object from entity stream.
	org.glassfish.jersey.servlet.WebComponent.serviceImpl(WebComponent.java:408)
	org.glassfish.jersey.servlet.WebComponent.service(WebComponent.java:346)
	org.glassfish.jersey.servlet.ServletContainer.service(ServletContainer.java:365)
	org.glassfish.jersey.servlet.ServletContainer.service(ServletContainer.java:318)
	org.glassfish.jersey.servlet.ServletContainer.service(ServletContainer.java:205)
	org.apache.tomcat.websocket.server.WsFilter.doFilter(WsFilter.java:53)
</pre><p><b>Root Cause</b></p><pre>javax.ws.rs.ProcessingException: Error deserializing object from entity stream.
	org.glassfish.jersey.jsonb.internal.JsonBindingProvider.readFrom(JsonBindingProvider.java:77)
	org.glassfish.jersey.message.internal.ReaderInterceptorExecutor$TerminalReaderInterceptor.invokeReadFrom(ReaderInterceptorExecutor.java:233)
	org.glassfish.jersey.message.internal.ReaderInterceptorExecutor$TerminalReaderInterceptor.aroundReadFrom(ReaderInterceptorExecutor.java:212)
	org.glassfish.jersey.message.internal.ReaderInterceptorExecutor.proceed(ReaderInterceptorExecutor.java:132)
	org.glassfish.jersey.server.internal.MappableExceptionWrapperInterceptor.aroundReadFrom(MappableExceptionWrapperInterceptor.java:49)
	org.glassfish.jersey.message.internal.ReaderInterceptorExecutor.proceed(ReaderInterceptorExecutor.java:132)
	org.glassfish.jersey.message.internal.MessageBodyFactory.readFrom(MessageBodyFactory.java:1071)
	org.glassfish.jersey.message.internal.InboundMessageContext.readEntity(InboundMessageContext.java:850)
	org.glassfish.jersey.server.ContainerRequest.readEntity(ContainerRequest.java:247)
	org.glassfish.jersey.server.internal.inject.EntityParamValueParamProvider$EntityValueSupplier.apply(EntityParamValueParamProvider.java:73)
	org.glassfish.jersey.server.internal.inject.EntityParamValueParamProvider$EntityValueSupplier.apply(EntityParamValueParamProvider.java:56)
	org.glassfish.jersey.server.spi.internal.ParamValueFactoryWithSource.apply(ParamValueFactoryWithSource.java:50)
	org.glassfish.jersey.server.spi.internal.ParameterValueHelper.getParameterValues(ParameterValueHelper.java:68)
	org.glassfish.jersey.server.model.internal.JavaResourceMethodDispatcherProvider$AbstractMethodParamInvoker.getParamValues(JavaResourceMethodDispatcherProvider.java:109)
	org.glassfish.jersey.server.model.internal.JavaResourceMethodDispatcherProvider$TypeOutInvoker.doDispatch(JavaResourceMethodDispatcherProvider.java:219)
	org.glassfish.jersey.server.model.internal.AbstractJavaResourceMethodDispatcher.dispatch(AbstractJavaResourceMethodDispatcher.java:79)
	org.glassfish.jersey.server.model.ResourceMethodInvoker.invoke(ResourceMethodInvoker.java:469)
	org.glassfish.jersey.server.model.ResourceMethodInvoker.apply(ResourceMethodInvoker.java:391)
	org.glassfish.jersey.server.model.ResourceMethodInvoker.apply(ResourceMethodInvoker.java:80)
	org.glassfish.jersey.server.ServerRuntime$1.run(ServerRuntime.java:253)
	org.glassfish.jersey.internal.Errors$1.call(Errors.java:248)
	org.glassfish.jersey.internal.Errors$1.call(Errors.java:244)
	org.glassfish.jersey.internal.Errors.process(Errors.java:292)
	org.glassfish.jersey.internal.Errors.process(Errors.java:274)
	org.glassfish.jersey.internal.Errors.process(Errors.java:244)
	org.glassfish.jersey.process.internal.RequestScope.runInScope(RequestScope.java:265)
	org.glassfish.jersey.server.ServerRuntime.process(ServerRuntime.java:232)
	org.glassfish.jersey.server.ApplicationHandler.handle(ApplicationHandler.java:680)
	org.glassfish.jersey.servlet.WebComponent.serviceImpl(WebComponent.java:392)
	org.glassfish.jersey.servlet.WebComponent.service(WebComponent.java:346)
	org.glassfish.jersey.servlet.ServletContainer.service(ServletContainer.java:365)
	org.glassfish.jersey.servlet.ServletContainer.service(ServletContainer.java:318)
	org.glassfish.jersey.servlet.ServletContainer.service(ServletContainer.java:205)
	org.apache.tomcat.websocket.server.WsFilter.doFilter(WsFilter.java:53)
</pre><p><b>Root Cause</b></p><pre>javax.json.bind.JsonbException: Error parsing class java.util.Date from value: . Check your @JsonbDateFormat has all time units for class java.util.Date type, or consider using org.eclipse.yasson.YassonProperties#ZERO_TIME_PARSE_DEFAULTING.
	org.eclipse.yasson.internal.serializer.AbstractDateTimeDeserializer.deserialize(AbstractDateTimeDeserializer.java:71)
	org.eclipse.yasson.internal.serializer.AbstractValueTypeDeserializer.deserialize(AbstractValueTypeDeserializer.java:64)
	org.eclipse.yasson.internal.serializer.ObjectDeserializer.deserializeNext(ObjectDeserializer.java:170)
	org.eclipse.yasson.internal.serializer.AbstractContainerDeserializer.deserializeInternal(AbstractContainerDeserializer.java:85)
	org.eclipse.yasson.internal.serializer.AbstractContainerDeserializer.deserialize(AbstractContainerDeserializer.java:61)
	org.eclipse.yasson.internal.Unmarshaller.deserializeItem(Unmarshaller.java:61)
	org.eclipse.yasson.internal.Unmarshaller.deserialize(Unmarshaller.java:51)
	org.eclipse.yasson.internal.JsonBinding.deserialize(JsonBinding.java:45)
	org.eclipse.yasson.internal.JsonBinding.fromJson(JsonBinding.java:85)
	org.glassfish.jersey.jsonb.internal.JsonBindingProvider.readFrom(JsonBindingProvider.java:75)
	org.glassfish.jersey.message.internal.ReaderInterceptorExecutor$TerminalReaderInterceptor.invokeReadFrom(ReaderInterceptorExecutor.java:233)
	org.glassfish.jersey.message.internal.ReaderInterceptorExecutor$TerminalReaderInterceptor.aroundReadFrom(ReaderInterceptorExecutor.java:212)
	org.glassfish.jersey.message.internal.ReaderInterceptorExecutor.proceed(ReaderInterceptorExecutor.java:132)
	org.glassfish.jersey.server.internal.MappableExceptionWrapperInterceptor.aroundReadFrom(MappableExceptionWrapperInterceptor.java:49)
	org.glassfish.jersey.message.internal.ReaderInterceptorExecutor.proceed(ReaderInterceptorExecutor.java:132)
	org.glassfish.jersey.message.internal.MessageBodyFactory.readFrom(MessageBodyFactory.java:1071)
	org.glassfish.jersey.message.internal.InboundMessageContext.readEntity(InboundMessageContext.java:850)
	org.glassfish.jersey.server.ContainerRequest.readEntity(ContainerRequest.java:247)
	org.glassfish.jersey.server.internal.inject.EntityParamValueParamProvider$EntityValueSupplier.apply(EntityParamValueParamProvider.java:73)
	org.glassfish.jersey.server.internal.inject.EntityParamValueParamProvider$EntityValueSupplier.apply(EntityParamValueParamProvider.java:56)
	org.glassfish.jersey.server.spi.internal.ParamValueFactoryWithSource.apply(ParamValueFactoryWithSource.java:50)
	org.glassfish.jersey.server.spi.internal.ParameterValueHelper.getParameterValues(ParameterValueHelper.java:68)
	org.glassfish.jersey.server.model.internal.JavaResourceMethodDispatcherProvider$AbstractMethodParamInvoker.getParamValues(JavaResourceMethodDispatcherProvider.java:109)
	org.glassfish.jersey.server.model.internal.JavaResourceMethodDispatcherProvider$TypeOutInvoker.doDispatch(JavaResourceMethodDispatcherProvider.java:219)
	org.glassfish.jersey.server.model.internal.AbstractJavaResourceMethodDispatcher.dispatch(AbstractJavaResourceMethodDispatcher.java:79)
	org.glassfish.jersey.server.model.ResourceMethodInvoker.invoke(ResourceMethodInvoker.java:469)
	org.glassfish.jersey.server.model.ResourceMethodInvoker.apply(ResourceMethodInvoker.java:391)
	org.glassfish.jersey.server.model.ResourceMethodInvoker.apply(ResourceMethodInvoker.java:80)
	org.glassfish.jersey.server.ServerRuntime$1.run(ServerRuntime.java:253)
	org.glassfish.jersey.internal.Errors$1.call(Errors.java:248)
	org.glassfish.jersey.internal.Errors$1.call(Errors.java:244)
	org.glassfish.jersey.internal.Errors.process(Errors.java:292)
	org.glassfish.jersey.internal.Errors.process(Errors.java:274)
	org.glassfish.jersey.internal.Errors.process(Errors.java:244)
	org.glassfish.jersey.process.internal.RequestScope.runInScope(RequestScope.java:265)
	org.glassfish.jersey.server.ServerRuntime.process(ServerRuntime.java:232)
	org.glassfish.jersey.server.ApplicationHandler.handle(ApplicationHandler.java:680)
	org.glassfish.jersey.servlet.WebComponent.serviceImpl(WebComponent.java:392)
	org.glassfish.jersey.servlet.WebComponent.service(WebComponent.java:346)
	org.glassfish.jersey.servlet.ServletContainer.service(ServletContainer.java:365)
	org.glassfish.jersey.servlet.ServletContainer.service(ServletContainer.java:318)
	org.glassfish.jersey.servlet.ServletContainer.service(ServletContainer.java:205)
	org.apache.tomcat.websocket.server.WsFilter.doFilter(WsFilter.java:53)
</pre><p><b>Root Cause</b></p><pre>java.time.format.DateTimeParseException: Text &#39;&#39; could not be parsed at index 0
	java.time.format.DateTimeFormatter.parseResolved0(Unknown Source)
	java.time.format.DateTimeFormatter.parse(Unknown Source)
	org.eclipse.yasson.internal.serializer.DateTypeDeserializer.parseDefault(DateTypeDeserializer.java:50)
	org.eclipse.yasson.internal.serializer.DateTypeDeserializer.parseDefault(DateTypeDeserializer.java:29)
	org.eclipse.yasson.internal.serializer.AbstractDateTimeDeserializer.deserialize(AbstractDateTimeDeserializer.java:69)
	org.eclipse.yasson.internal.serializer.AbstractValueTypeDeserializer.deserialize(AbstractValueTypeDeserializer.java:64)
	org.eclipse.yasson.internal.serializer.ObjectDeserializer.deserializeNext(ObjectDeserializer.java:170)
	org.eclipse.yasson.internal.serializer.AbstractContainerDeserializer.deserializeInternal(AbstractContainerDeserializer.java:85)
	org.eclipse.yasson.internal.serializer.AbstractContainerDeserializer.deserialize(AbstractContainerDeserializer.java:61)
	org.eclipse.yasson.internal.Unmarshaller.deserializeItem(Unmarshaller.java:61)
	org.eclipse.yasson.internal.Unmarshaller.deserialize(Unmarshaller.java:51)
	org.eclipse.yasson.internal.JsonBinding.deserialize(JsonBinding.java:45)
	org.eclipse.yasson.internal.JsonBinding.fromJson(JsonBinding.java:85)
	org.glassfish.jersey.jsonb.internal.JsonBindingProvider.readFrom(JsonBindingProvider.java:75)
	org.glassfish.jersey.message.internal.ReaderInterceptorExecutor$TerminalReaderInterceptor.invokeReadFrom(ReaderInterceptorExecutor.java:233)
	org.glassfish.jersey.message.internal.ReaderInterceptorExecutor$TerminalReaderInterceptor.aroundReadFrom(ReaderInterceptorExecutor.java:212)
	org.glassfish.jersey.message.internal.ReaderInterceptorExecutor.proceed(ReaderInterceptorExecutor.java:132)
	org.glassfish.jersey.server.internal.MappableExceptionWrapperInterceptor.aroundReadFrom(MappableExceptionWrapperInterceptor.java:49)
	org.glassfish.jersey.message.internal.ReaderInterceptorExecutor.proceed(ReaderInterceptorExecutor.java:132)
	org.glassfish.jersey.message.internal.MessageBodyFactory.readFrom(MessageBodyFactory.java:1071)
	org.glassfish.jersey.message.internal.InboundMessageContext.readEntity(InboundMessageContext.java:850)
	org.glassfish.jersey.server.ContainerRequest.readEntity(ContainerRequest.java:247)
	org.glassfish.jersey.server.internal.inject.EntityParamValueParamProvider$EntityValueSupplier.apply(EntityParamValueParamProvider.java:73)
	org.glassfish.jersey.server.internal.inject.EntityParamValueParamProvider$EntityValueSupplier.apply(EntityParamValueParamProvider.java:56)
	org.glassfish.jersey.server.spi.internal.ParamValueFactoryWithSource.apply(ParamValueFactoryWithSource.java:50)
	org.glassfish.jersey.server.spi.internal.ParameterValueHelper.getParameterValues(ParameterValueHelper.java:68)
	org.glassfish.jersey.server.model.internal.JavaResourceMethodDispatcherProvider$AbstractMethodParamInvoker.getParamValues(JavaResourceMethodDispatcherProvider.java:109)
	org.glassfish.jersey.server.model.internal.JavaResourceMethodDispatcherProvider$TypeOutInvoker.doDispatch(JavaResourceMethodDispatcherProvider.java:219)
	org.glassfish.jersey.server.model.internal.AbstractJavaResourceMethodDispatcher.dispatch(AbstractJavaResourceMethodDispatcher.java:79)
	org.glassfish.jersey.server.model.ResourceMethodInvoker.invoke(ResourceMethodInvoker.java:469)
	org.glassfish.jersey.server.model.ResourceMethodInvoker.apply(ResourceMethodInvoker.java:391)
	org.glassfish.jersey.server.model.ResourceMethodInvoker.apply(ResourceMethodInvoker.java:80)
	org.glassfish.jersey.server.ServerRuntime$1.run(ServerRuntime.java:253)
	org.glassfish.jersey.internal.Errors$1.call(Errors.java:248)
	org.glassfish.jersey.internal.Errors$1.call(Errors.java:244)
	org.glassfish.jersey.internal.Errors.process(Errors.java:292)
	org.glassfish.jersey.internal.Errors.process(Errors.java:274)
	org.glassfish.jersey.internal.Errors.process(Errors.java:244)
	org.glassfish.jersey.process.internal.RequestScope.runInScope(RequestScope.java:265)
	org.glassfish.jersey.server.ServerRuntime.process(ServerRuntime.java:232)
	org.glassfish.jersey.server.ApplicationHandler.handle(ApplicationHandler.java:680)
	org.glassfish.jersey.servlet.WebComponent.serviceImpl(WebComponent.java:392)
	org.glassfish.jersey.servlet.WebComponent.service(WebComponent.java:346)
	org.glassfish.jersey.servlet.ServletContainer.service(ServletContainer.java:365)
	org.glassfish.jersey.servlet.ServletContainer.service(ServletContainer.java:318)
	org.glassfish.jersey.servlet.ServletContainer.service(ServletContainer.java:205)
	org.apache.tomcat.websocket.server.WsFilter.doFilter(WsFilter.java:53)
</pre><p><b>Note</b> The full stack trace of the root cause is available in the server logs.</p><hr class="line" /><h3>Apache Tomcat/9.0.27</h3></body></html>

12:13:21.574 xml parsing failed, response data type set to string: org.xml.sax.SAXParseException; lineNumber: 1; columnNumber: 3; The markup in the document preceding the root element must be well-formed.
12:13:21.576 status code was: 500, expected: 200, response time: 341, url: http://localhost:8081/CreateAPI/webapi/users, response: <!doctype html><html lang="en"><head><title>HTTP Status 500 – Internal Server Error</title><style type="text/css">h1 {font-family:Tahoma,Arial,sans-serif;color:white;background-color:#525D76;font-size:22px;} h2 {font-family:Tahoma,Arial,sans-serif;color:white;background-color:#525D76;font-size:16px;} h3 {font-family:Tahoma,Arial,sans-serif;color:white;background-color:#525D76;font-size:14px;} body {font-family:Tahoma,Arial,sans-serif;color:black;background-color:white;} b {font-family:Tahoma,Arial,sans-serif;color:white;background-color:#525D76;} p {font-family:Tahoma,Arial,sans-serif;background:white;color:black;font-size:12px;} a {color:black;} a.name {color:black;} .line {height:1px;background-color:#525D76;border:none;}</style></head><body><h1>HTTP Status 500 – Internal Server Error</h1><hr class="line" /><p><b>Type</b> Exception Report</p><p><b>Message</b> javax.ws.rs.ProcessingException: Error deserializing object from entity stream.</p><p><b>Description</b> The server encountered an unexpected condition that prevented it from fulfilling the request.</p><p><b>Exception</b></p><pre>javax.servlet.ServletException: javax.ws.rs.ProcessingException: Error deserializing object from entity stream.
	org.glassfish.jersey.servlet.WebComponent.serviceImpl(WebComponent.java:408)
	org.glassfish.jersey.servlet.WebComponent.service(WebComponent.java:346)
	org.glassfish.jersey.servlet.ServletContainer.service(ServletContainer.java:365)
	org.glassfish.jersey.servlet.ServletContainer.service(ServletContainer.java:318)
	org.glassfish.jersey.servlet.ServletContainer.service(ServletContainer.java:205)
	org.apache.tomcat.websocket.server.WsFilter.doFilter(WsFilter.java:53)
</pre><p><b>Root Cause</b></p><pre>javax.ws.rs.ProcessingException: Error deserializing object from entity stream.
	org.glassfish.jersey.jsonb.internal.JsonBindingProvider.readFrom(JsonBindingProvider.java:77)
	org.glassfish.jersey.message.internal.ReaderInterceptorExecutor$TerminalReaderInterceptor.invokeReadFrom(ReaderInterceptorExecutor.java:233)
	org.glassfish.jersey.message.internal.ReaderInterceptorExecutor$TerminalReaderInterceptor.aroundReadFrom(ReaderInterceptorExecutor.java:212)
	org.glassfish.jersey.message.internal.ReaderInterceptorExecutor.proceed(ReaderInterceptorExecutor.java:132)
	org.glassfish.jersey.server.internal.MappableExceptionWrapperInterceptor.aroundReadFrom(MappableExceptionWrapperInterceptor.java:49)
	org.glassfish.jersey.message.internal.ReaderInterceptorExecutor.proceed(ReaderInterceptorExecutor.java:132)
	org.glassfish.jersey.message.internal.MessageBodyFactory.readFrom(MessageBodyFactory.java:1071)
	org.glassfish.jersey.message.internal.InboundMessageContext.readEntity(InboundMessageContext.java:850)
	org.glassfish.jersey.server.ContainerRequest.readEntity(ContainerRequest.java:247)
	org.glassfish.jersey.server.internal.inject.EntityParamValueParamProvider$EntityValueSupplier.apply(EntityParamValueParamProvider.java:73)
	org.glassfish.jersey.server.internal.inject.EntityParamValueParamProvider$EntityValueSupplier.apply(EntityParamValueParamProvider.java:56)
	org.glassfish.jersey.server.spi.internal.ParamValueFactoryWithSource.apply(ParamValueFactoryWithSource.java:50)
	org.glassfish.jersey.server.spi.internal.ParameterValueHelper.getParameterValues(ParameterValueHelper.java:68)
	org.glassfish.jersey.server.model.internal.JavaResourceMethodDispatcherProvider$AbstractMethodParamInvoker.getParamValues(JavaResourceMethodDispatcherProvider.java:109)
	org.glassfish.jersey.server.model.internal.JavaResourceMethodDispatcherProvider$TypeOutInvoker.doDispatch(JavaResourceMethodDispatcherProvider.java:219)
	org.glassfish.jersey.server.model.internal.AbstractJavaResourceMethodDispatcher.dispatch(AbstractJavaResourceMethodDispatcher.java:79)
	org.glassfish.jersey.server.model.ResourceMethodInvoker.invoke(ResourceMethodInvoker.java:469)
	org.glassfish.jersey.server.model.ResourceMethodInvoker.apply(ResourceMethodInvoker.java:391)
	org.glassfish.jersey.server.model.ResourceMethodInvoker.apply(ResourceMethodInvoker.java:80)
	org.glassfish.jersey.server.ServerRuntime$1.run(ServerRuntime.java:253)
	org.glassfish.jersey.internal.Errors$1.call(Errors.java:248)
	org.glassfish.jersey.internal.Errors$1.call(Errors.java:244)
	org.glassfish.jersey.internal.Errors.process(Errors.java:292)
	org.glassfish.jersey.internal.Errors.process(Errors.java:274)
	org.glassfish.jersey.internal.Errors.process(Errors.java:244)
	org.glassfish.jersey.process.internal.RequestScope.runInScope(RequestScope.java:265)
	org.glassfish.jersey.server.ServerRuntime.process(ServerRuntime.java:232)
	org.glassfish.jersey.server.ApplicationHandler.handle(ApplicationHandler.java:680)
	org.glassfish.jersey.servlet.WebComponent.serviceImpl(WebComponent.java:392)
	org.glassfish.jersey.servlet.WebComponent.service(WebComponent.java:346)
	org.glassfish.jersey.servlet.ServletContainer.service(ServletContainer.java:365)
	org.glassfish.jersey.servlet.ServletContainer.service(ServletContainer.java:318)
	org.glassfish.jersey.servlet.ServletContainer.service(ServletContainer.java:205)
	org.apache.tomcat.websocket.server.WsFilter.doFilter(WsFilter.java:53)
</pre><p><b>Root Cause</b></p><pre>javax.json.bind.JsonbException: Error parsing class java.util.Date from value: . Check your @JsonbDateFormat has all time units for class java.util.Date type, or consider using org.eclipse.yasson.YassonProperties#ZERO_TIME_PARSE_DEFAULTING.
	org.eclipse.yasson.internal.serializer.AbstractDateTimeDeserializer.deserialize(AbstractDateTimeDeserializer.java:71)
	org.eclipse.yasson.internal.serializer.AbstractValueTypeDeserializer.deserialize(AbstractValueTypeDeserializer.java:64)
	org.eclipse.yasson.internal.serializer.ObjectDeserializer.deserializeNext(ObjectDeserializer.java:170)
	org.eclipse.yasson.internal.serializer.AbstractContainerDeserializer.deserializeInternal(AbstractContainerDeserializer.java:85)
	org.eclipse.yasson.internal.serializer.AbstractContainerDeserializer.deserialize(AbstractContainerDeserializer.java:61)
	org.eclipse.yasson.internal.Unmarshaller.deserializeItem(Unmarshaller.java:61)
	org.eclipse.yasson.internal.Unmarshaller.deserialize(Unmarshaller.java:51)
	org.eclipse.yasson.internal.JsonBinding.deserialize(JsonBinding.java:45)
	org.eclipse.yasson.internal.JsonBinding.fromJson(JsonBinding.java:85)
	org.glassfish.jersey.jsonb.internal.JsonBindingProvider.readFrom(JsonBindingProvider.java:75)
	org.glassfish.jersey.message.internal.ReaderInterceptorExecutor$TerminalReaderInterceptor.invokeReadFrom(ReaderInterceptorExecutor.java:233)
	org.glassfish.jersey.message.internal.ReaderInterceptorExecutor$TerminalReaderInterceptor.aroundReadFrom(ReaderInterceptorExecutor.java:212)
	org.glassfish.jersey.message.internal.ReaderInterceptorExecutor.proceed(ReaderInterceptorExecutor.java:132)
	org.glassfish.jersey.server.internal.MappableExceptionWrapperInterceptor.aroundReadFrom(MappableExceptionWrapperInterceptor.java:49)
	org.glassfish.jersey.message.internal.ReaderInterceptorExecutor.proceed(ReaderInterceptorExecutor.java:132)
	org.glassfish.jersey.message.internal.MessageBodyFactory.readFrom(MessageBodyFactory.java:1071)
	org.glassfish.jersey.message.internal.InboundMessageContext.readEntity(InboundMessageContext.java:850)
	org.glassfish.jersey.server.ContainerRequest.readEntity(ContainerRequest.java:247)
	org.glassfish.jersey.server.internal.inject.EntityParamValueParamProvider$EntityValueSupplier.apply(EntityParamValueParamProvider.java:73)
	org.glassfish.jersey.server.internal.inject.EntityParamValueParamProvider$EntityValueSupplier.apply(EntityParamValueParamProvider.java:56)
	org.glassfish.jersey.server.spi.internal.ParamValueFactoryWithSource.apply(ParamValueFactoryWithSource.java:50)
	org.glassfish.jersey.server.spi.internal.ParameterValueHelper.getParameterValues(ParameterValueHelper.java:68)
	org.glassfish.jersey.server.model.internal.JavaResourceMethodDispatcherProvider$AbstractMethodParamInvoker.getParamValues(JavaResourceMethodDispatcherProvider.java:109)
	org.glassfish.jersey.server.model.internal.JavaResourceMethodDispatcherProvider$TypeOutInvoker.doDispatch(JavaResourceMethodDispatcherProvider.java:219)
	org.glassfish.jersey.server.model.internal.AbstractJavaResourceMethodDispatcher.dispatch(AbstractJavaResourceMethodDispatcher.java:79)
	org.glassfish.jersey.server.model.ResourceMethodInvoker.invoke(ResourceMethodInvoker.java:469)
	org.glassfish.jersey.server.model.ResourceMethodInvoker.apply(ResourceMethodInvoker.java:391)
	org.glassfish.jersey.server.model.ResourceMethodInvoker.apply(ResourceMethodInvoker.java:80)
	org.glassfish.jersey.server.ServerRuntime$1.run(ServerRuntime.java:253)
	org.glassfish.jersey.internal.Errors$1.call(Errors.java:248)
	org.glassfish.jersey.internal.Errors$1.call(Errors.java:244)
	org.glassfish.jersey.internal.Errors.process(Errors.java:292)
	org.glassfish.jersey.internal.Errors.process(Errors.java:274)
	org.glassfish.jersey.internal.Errors.process(Errors.java:244)
	org.glassfish.jersey.process.internal.RequestScope.runInScope(RequestScope.java:265)
	org.glassfish.jersey.server.ServerRuntime.process(ServerRuntime.java:232)
	org.glassfish.jersey.server.ApplicationHandler.handle(ApplicationHandler.java:680)
	org.glassfish.jersey.servlet.WebComponent.serviceImpl(WebComponent.java:392)
	org.glassfish.jersey.servlet.WebComponent.service(WebComponent.java:346)
	org.glassfish.jersey.servlet.ServletContainer.service(ServletContainer.java:365)
	org.glassfish.jersey.servlet.ServletContainer.service(ServletContainer.java:318)
	org.glassfish.jersey.servlet.ServletContainer.service(ServletContainer.java:205)
	org.apache.tomcat.websocket.server.WsFilter.doFilter(WsFilter.java:53)
</pre><p><b>Root Cause</b></p><pre>java.time.format.DateTimeParseException: Text &#39;&#39; could not be parsed at index 0
	java.time.format.DateTimeFormatter.parseResolved0(Unknown Source)
	java.time.format.DateTimeFormatter.parse(Unknown Source)
	org.eclipse.yasson.internal.serializer.DateTypeDeserializer.parseDefault(DateTypeDeserializer.java:50)
	org.eclipse.yasson.internal.serializer.DateTypeDeserializer.parseDefault(DateTypeDeserializer.java:29)
	org.eclipse.yasson.internal.serializer.AbstractDateTimeDeserializer.deserialize(AbstractDateTimeDeserializer.java:69)
	org.eclipse.yasson.internal.serializer.AbstractValueTypeDeserializer.deserialize(AbstractValueTypeDeserializer.java:64)
	org.eclipse.yasson.internal.serializer.ObjectDeserializer.deserializeNext(ObjectDeserializer.java:170)
	org.eclipse.yasson.internal.serializer.AbstractContainerDeserializer.deserializeInternal(AbstractContainerDeserializer.java:85)
	org.eclipse.yasson.internal.serializer.AbstractContainerDeserializer.deserialize(AbstractContainerDeserializer.java:61)
	org.eclipse.yasson.internal.Unmarshaller.deserializeItem(Unmarshaller.java:61)
	org.eclipse.yasson.internal.Unmarshaller.deserialize(Unmarshaller.java:51)
	org.eclipse.yasson.internal.JsonBinding.deserialize(JsonBinding.java:45)
	org.eclipse.yasson.internal.JsonBinding.fromJson(JsonBinding.java:85)
	org.glassfish.jersey.jsonb.internal.JsonBindingProvider.readFrom(JsonBindingProvider.java:75)
	org.glassfish.jersey.message.internal.ReaderInterceptorExecutor$TerminalReaderInterceptor.invokeReadFrom(ReaderInterceptorExecutor.java:233)
	org.glassfish.jersey.message.internal.ReaderInterceptorExecutor$TerminalReaderInterceptor.aroundReadFrom(ReaderInterceptorExecutor.java:212)
	org.glassfish.jersey.message.internal.ReaderInterceptorExecutor.proceed(ReaderInterceptorExecutor.java:132)
	org.glassfish.jersey.server.internal.MappableExceptionWrapperInterceptor.aroundReadFrom(MappableExceptionWrapperInterceptor.java:49)
	org.glassfish.jersey.message.internal.ReaderInterceptorExecutor.proceed(ReaderInterceptorExecutor.java:132)
	org.glassfish.jersey.message.internal.MessageBodyFactory.readFrom(MessageBodyFactory.java:1071)
	org.glassfish.jersey.message.internal.InboundMessageContext.readEntity(InboundMessageContext.java:850)
	org.glassfish.jersey.server.ContainerRequest.readEntity(ContainerRequest.java:247)
	org.glassfish.jersey.server.internal.inject.EntityParamValueParamProvider$EntityValueSupplier.apply(EntityParamValueParamProvider.java:73)
	org.glassfish.jersey.server.internal.inject.EntityParamValueParamProvider$EntityValueSupplier.apply(EntityParamValueParamProvider.java:56)
	org.glassfish.jersey.server.spi.internal.ParamValueFactoryWithSource.apply(ParamValueFactoryWithSource.java:50)
	org.glassfish.jersey.server.spi.internal.ParameterValueHelper.getParameterValues(ParameterValueHelper.java:68)
	org.glassfish.jersey.server.model.internal.JavaResourceMethodDispatcherProvider$AbstractMethodParamInvoker.getParamValues(JavaResourceMethodDispatcherProvider.java:109)
	org.glassfish.jersey.server.model.internal.JavaResourceMethodDispatcherProvider$TypeOutInvoker.doDispatch(JavaResourceMethodDispatcherProvider.java:219)
	org.glassfish.jersey.server.model.internal.AbstractJavaResourceMethodDispatcher.dispatch(AbstractJavaResourceMethodDispatcher.java:79)
	org.glassfish.jersey.server.model.ResourceMethodInvoker.invoke(ResourceMethodInvoker.java:469)
	org.glassfish.jersey.server.model.ResourceMethodInvoker.apply(ResourceMethodInvoker.java:391)
	org.glassfish.jersey.server.model.ResourceMethodInvoker.apply(ResourceMethodInvoker.java:80)
	org.glassfish.jersey.server.ServerRuntime$1.run(ServerRuntime.java:253)
	org.glassfish.jersey.internal.Errors$1.call(Errors.java:248)
	org.glassfish.jersey.internal.Errors$1.call(Errors.java:244)
	org.glassfish.jersey.internal.Errors.process(Errors.java:292)
	org.glassfish.jersey.internal.Errors.process(Errors.java:274)
	org.glassfish.jersey.internal.Errors.process(Errors.java:244)
	org.glassfish.jersey.process.internal.RequestScope.runInScope(RequestScope.java:265)
	org.glassfish.jersey.server.ServerRuntime.process(ServerRuntime.java:232)
	org.glassfish.jersey.server.ApplicationHandler.handle(ApplicationHandler.java:680)
	org.glassfish.jersey.servlet.WebComponent.serviceImpl(WebComponent.java:392)
	org.glassfish.jersey.servlet.WebComponent.service(WebComponent.java:346)
	org.glassfish.jersey.servlet.ServletContainer.service(ServletContainer.java:365)
	org.glassfish.jersey.servlet.ServletContainer.service(ServletContainer.java:318)
	org.glassfish.jersey.servlet.ServletContainer.service(ServletContainer.java:205)
	org.apache.tomcat.websocket.server.WsFilter.doFilter(WsFilter.java:53)
</pre><p><b>Note</b> The full stack trace of the root cause is available in the server logs.</p><hr class="line" /><h3>Apache Tomcat/9.0.27</h3></body></html>
