17:51:14.537 skipping bootstrap configuration: could not find or read file: classpath:karate-config.js
17:51:14.541 request:
1 > GET http://localhost:8081/CreateAPI/service/products
1 > Accept-Encoding: gzip,deflate
1 > Connection: Keep-Alive
1 > Content-Type: application/json
1 > Host: localhost:8081
1 > User-Agent: Apache-HttpClient/4.5.5 (Java/1.8.0_181)

17:51:14.548 response time in milliseconds: 6.75
1 < 200
1 < Content-Length: 210
1 < Content-Type: application/json
1 < Date: Wed, 06 Nov 2019 12:21:14 GMT
[{"id":1,"productCode":"wtc234","productName":"watch","productPrice":120.0,"totalProductsAvailable":134},{"id":2,"productCode":"pcl345e","productName":"pencil","productPrice":2.0,"totalProductsAvailable":2000}]

ginx
1 < Set-Cookie: _csrf=ead4c9f5b9c179ec5b54bde6c24959b955bb8ac6ae52be5985d3f7e3bffb2d79a%3A2%3A%7Bi%3A0%3Bs%3A5%3A%22_csrf%22%3Bi%3A1%3Bs%3A32%3A%22DmLPRWUG7MkDGBHDApTl5L3LsKjAXlsv%22%3B%7D; path=/; HttpOnly
1 < Transfer-Encoding: chunked
1 < Vary: [Accept-Encoding, Accept]
1 < X-Pagination-Current-Page: 1
1 < X-Pagination-Page-Count: 0
1 < X-Pagination-Per-Page: 20
1 < X-Pagination-Total-Count: 0
1 < X-Rate-Limit-Limit: 30
1 < X-Rate-Limit-Remaining: 27
1 < X-Rate-Limit-Reset: 6
{"_meta":{"success":true,"code":200,"message":"OK. Everything worked as expected.","totalCount":0,"pageCount":0,"currentPage":1,"perPage":20,"rateLimit":{"limit":30,"remaining":27,"reset":6}},"result":[]}

08:57:38.601 assertion failed: path: $.result[*].last_name[*], actual: [], expected: 'Narayanan', reason: actual value does not contain expected
9171","website":"http://donnelly.info/","address":"8191 Eldon Island\nNew Theodora, DE 89130-9057","status":"active","_links":{"self":{"href":"https://gorest.co.in/public-api/users/1711"},"edit":{"href":"https://gorest.co.in/public-api/users/1711"},"avatar":{"href":null}}}]}

10:34:19.983 assertion failed: path: $.result[*].last_name[*], actual: ["Narayanan"], expected: 'Badri', reason: actual value does not contain expected
