17:53:50.876 skipping bootstrap configuration: could not find or read file: classpath:karate-config.js
17:53:50.877 request:
1 > POST http://localhost:8081/CreateAPI/service/users
1 > Accept-Encoding: gzip,deflate
1 > Connection: Keep-Alive
1 > Content-Length: 106
1 > Content-Type: application/json; charset=UTF-8
1 > Host: localhost:8081
1 > User-Agent: Apache-HttpClient/4.5.5 (Java/1.8.0_181)
{"email":"Vikram@gmail.com","firstName":"Vikram","gender":"male","lastName":"Chandra","status":"inactive"}

17:53:50.883 response time in milliseconds: 4.70
1 < 201
1 < Content-Length: 113
1 < Content-Type: application/json
1 < Date: Wed, 06 Nov 2019 12:23:50 GMT
{"email":"Vikram@gmail.com","firstName":"Vikram","gender":"male","id":4,"lastName":"Chandra","status":"inactive"}

17:53:50.883 [print] Success

 Success

uccess

,Arial,sans-serif;color:white;background-color:#525D76;font-size:22px;} h2 {font-family:Tahoma,Arial,sans-serif;color:white;background-color:#525D76;font-size:16px;} h3 {font-family:Tahoma,Arial,sans-serif;color:white;background-color:#525D76;font-size:14px;} body {font-family:Tahoma,Arial,sans-serif;color:black;background-color:white;} b {font-family:Tahoma,Arial,sans-serif;color:white;background-color:#525D76;} p {font-family:Tahoma,Arial,sans-serif;background:white;color:black;font-size:12px;} a {color:black;} a.name {color:black;} .line {height:1px;background-color:#525D76;border:none;}</style></head><body><h1>HTTP Status 404 – Not Found</h1><hr class="line" /><p><b>Type</b> Status Report</p><p><b>Message</b> Not Found</p><p><b>Description</b> The origin server did not find a current representation for the target resource or is not willing to disclose that one exists.</p><hr class="line" /><h3>Apache Tomcat/9.0.27</h3></body></html>

11:56:44.996 xml parsing failed, response data type set to string: org.xml.sax.SAXParseException; lineNumber: 1; columnNumber: 3; The markup in the document preceding the root element must be well-formed.
11:56:44.996 status code was: 404, expected: 201, response time: 4, url: http://localhost:8081/CreateAPI/webapi/users, response: <!doctype html><html lang="en"><head><title>HTTP Status 404 – Not Found</title><style type="text/css">h1 {font-family:Tahoma,Arial,sans-serif;color:white;background-color:#525D76;font-size:22px;} h2 {font-family:Tahoma,Arial,sans-serif;color:white;background-color:#525D76;font-size:16px;} h3 {font-family:Tahoma,Arial,sans-serif;color:white;background-color:#525D76;font-size:14px;} body {font-family:Tahoma,Arial,sans-serif;color:black;background-color:white;} b {font-family:Tahoma,Arial,sans-serif;color:white;background-color:#525D76;} p {font-family:Tahoma,Arial,sans-serif;background:white;color:black;font-size:12px;} a {color:black;} a.name {color:black;} .line {height:1px;background-color:#525D76;border:none;}</style></head><body><h1>HTTP Status 404 – Not Found</h1><hr class="line" /><p><b>Type</b> Status Report</p><p><b>Message</b> Not Found</p><p><b>Description</b> The origin server did not find a current representation for the target resource or is not willing to disclose that one exists.</p><hr class="line" /><h3>Apache Tomcat/9.0.27</h3></body></html>
