17:54:06.493 skipping bootstrap configuration: could not find or read file: classpath:karate-config.js
17:54:06.497 request:
1 > PUT http://localhost:8081/CreateAPI/service/products/2
1 > Accept-Encoding: gzip,deflate
1 > Connection: Keep-Alive
1 > Content-Length: 93
1 > Content-Type: application/json; charset=UTF-8
1 > Host: localhost:8081
1 > User-Agent: Apache-HttpClient/4.5.5 (Java/1.8.0_181)
{"productCode":"Ml548e","productName":"Milk","productPrice":20.0,"totalProductsAvailable":20}

17:54:06.503 response time in milliseconds: 5.84
1 < 200
1 < Content-Length: 100
1 < Content-Type: application/json
1 < Date: Wed, 06 Nov 2019 12:24:06 GMT
{"id":2,"productCode":"Ml548e","productName":"Milk","productPrice":20.0,"totalProductsAvailable":20}

17:54:06.504 [print] Success
Not Allowed</title><style type="text/css">h1 {font-family:Tahoma,Arial,sans-serif;color:white;background-color:#525D76;font-size:22px;} h2 {font-family:Tahoma,Arial,sans-serif;color:white;background-color:#525D76;font-size:16px;} h3 {font-family:Tahoma,Arial,sans-serif;color:white;background-color:#525D76;font-size:14px;} body {font-family:Tahoma,Arial,sans-serif;color:black;background-color:white;} b {font-family:Tahoma,Arial,sans-serif;color:white;background-color:#525D76;} p {font-family:Tahoma,Arial,sans-serif;background:white;color:black;font-size:12px;} a {color:black;} a.name {color:black;} .line {height:1px;background-color:#525D76;border:none;}</style></head><body><h1>HTTP Status 405 – Method Not Allowed</h1><hr class="line" /><p><b>Type</b> Status Report</p><p><b>Message</b> Method Not Allowed</p><p><b>Description</b> The method received in the request-line is known by the origin server but not supported by the target resource.</p><hr class="line" /><h3>Apache Tomcat/9.0.27</h3></body></html>

17:51:41.026 xml parsing failed, response data type set to string: org.xml.sax.SAXParseException; lineNumber: 1; columnNumber: 3; The markup in the document preceding the root element must be well-formed.
17:51:41.027 status code was: 405, expected: 200, response time: 11, url: http://localhost:8081/CreateAPI/service/products, response: <!doctype html><html lang="en"><head><title>HTTP Status 405 – Method Not Allowed</title><style type="text/css">h1 {font-family:Tahoma,Arial,sans-serif;color:white;background-color:#525D76;font-size:22px;} h2 {font-family:Tahoma,Arial,sans-serif;color:white;background-color:#525D76;font-size:16px;} h3 {font-family:Tahoma,Arial,sans-serif;color:white;background-color:#525D76;font-size:14px;} body {font-family:Tahoma,Arial,sans-serif;color:black;background-color:white;} b {font-family:Tahoma,Arial,sans-serif;color:white;background-color:#525D76;} p {font-family:Tahoma,Arial,sans-serif;background:white;color:black;font-size:12px;} a {color:black;} a.name {color:black;} .line {height:1px;background-color:#525D76;border:none;}</style></head><body><h1>HTTP Status 405 – Method Not Allowed</h1><hr class="line" /><p><b>Type</b> Status Report</p><p><b>Message</b> Method Not Allowed</p><p><b>Description</b> The method received in the request-line is known by the origin server but not supported by the target resource.</p><hr class="line" /><h3>Apache Tomcat/9.0.27</h3></body></html>
