10:11:36.027 skipping bootstrap configuration: could not find or read file: classpath:karate-config.js
10:11:36.052 request:
1 > GET http://localhost:8081/CreateAPI/userinformation/users?firstName=Ashwini&lastName=Kumar&gender=female
1 > Accept-Encoding: gzip,deflate
1 > Connection: Keep-Alive
1 > Content-Type: application/json
1 > Host: localhost:8081
1 > User-Agent: Apache-HttpClient/4.5.5 (Java/1.8.0_181)

10:11:36.074 response time in milliseconds: 12.88
1 < 200
1 < Content-Length: 115
1 < Content-Type: application/json
1 < Date: Sat, 02 Nov 2019 04:41:35 GMT
[{"email":"Ashwini@gmail.com","firstName":"Ashwini","gender":"female","id":5,"lastName":"Kumar","status":"active"}]

10:11:36.107 [print] Success
*], actual: [{"email":"Ashwini@gmail.com","firstName":"Ashwini","gender":"female","id":5,"lastName":"Kumar","status":"active"}], expected: {firstName=#string}, reason: actual value does not contain expected
ed

dri@gmail.com","firstName":"Badri","id":1,"lastName":"Narayanan"},{"date":"2019-10-29T13:03:54.035Z[UTC]","email":"Ashwini@gmail.com","firstName":"Ashwini","id":2,"lastName":"Kumar"}], expected: {date=#notnull}, reason: actual value does not contain expected
ing: 28
1 < X-Rate-Limit-Reset: 4
{"_meta":{"success":true,"code":200,"message":"OK. Everything worked as expected.","totalCount":3,"pageCount":1,"currentPage":1,"perPage":20,"rateLimit":{"limit":30,"remaining":28,"reset":4}},"result":[{"id":"107","first_name":"Johnathon","last_name":"Abbott","gender":"male","dob":"1924-10-27","email":"irunte@example.com","phone":"+1.561.971.8871","website":"http://www.crist.org/","address":"6149 Dare Viaduct\nCraigfurt, CO 27545","status":"inactive","_links":{"self":{"href":"https://gorest.co.in/public-api/users/107"},"edit":{"href":"https://gorest.co.in/public-api/users/107"},"avatar":{"href":"https://lorempixel.com/250/250/people/?99150"}}},{"id":"865","first_name":"Johnnie","last_name":"Abbott","gender":"male","dob":"1969-03-24","email":"dario59@example.net","phone":"541-838-8734 x318","website":"http://jerde.com/et-rerum-voluptas-tempore-id-cumque","address":"57675 Gutkowski Cove Suite 424\nManteburgh, VT 73782","status":"inactive","_links":{"self":{"href":"https://gorest.co.in/public-api/users/865"},"edit":{"href":"https://gorest.co.in/public-api/users/865"},"avatar":{"href":"https://lorempixel.com/250/250/people/?27398"}}},{"id":"1954","first_name":"John","last_name":"Watsica","gender":"male","dob":"2017-06-22","email":"rhoppe@example.com","phone":"454-507-8302","website":"http://www.kautzer.org/omnis-unde-quia-veniam-aut-quidem-dicta-optio","address":"520 Hagenes Lane\nPort Verda, SC 93722-4838","status":"inactive","_links":{"self":{"href":"https://gorest.co.in/public-api/users/1954"},"edit":{"href":"https://gorest.co.in/public-api/users/1954"},"avatar":{"href":"https://lorempixel.com/250/250/people/?78390"}}}]}

},"avatar":{"href":"https://lorempixel.com/250/250/people/?41805"}}}]}

10:15:48.287 assertion failed: path: $.result[*].first_name[*], actual: ["Johnny","Johnpaul","Johnpaul"], expected: 'John', reason: actual value does not contain expected

d
s":"1031 Will Courts Apt. 401\nNikolausberg, VT 36614","status":"active","_links":{"self":{"href":"https://gorest.co.in/public-api/users/941"},"edit":{"href":"https://gorest.co.in/public-api/users/941"},"avatar":{"href":"https://lorempixel.com/250/250/people/?93942"}}},{"id":"983","first_name":"Johnathan","last_name":"Herman","gender":"male","dob":"1989-12-31","email":"camila55@example.org","phone":"+1-284-614-6874","website":"https://www.huel.com/quo-nihil-repudiandae-ad-modi-rem-voluptates","address":"55357 Noemie Vista Suite 742\nWest Margaretta, KS 10337","status":"active","_links":{"self":{"href":"https://gorest.co.in/public-api/users/983"},"edit":{"href":"https://gorest.co.in/public-api/users/983"},"avatar":{"href":"https://lorempixel.com/250/250/people/?42770"}}},{"id":"1589","first_name":"Johnpaul","last_name":"Harvey","gender":"male","dob":"1954-05-04","email":"fay.destiney@example.net","phone":"(369) 990-1363 x2512","website":"http://farrell.com/","address":"9784 Ciara Shore Suite 758\nKieranmouth, ME 65886","status":"active","_links":{"self":{"href":"https://gorest.co.in/public-api/users/1589"},"edit":{"href":"https://gorest.co.in/public-api/users/1589"},"avatar":{"href":"https://lorempixel.com/250/250/people/?76355"}}},{"id":"1666","first_name":"Johnson","last_name":"Mosciski","gender":"male","dob":"1925-07-18","email":"scotty.wisoky@example.net","phone":"1-350-392-3461","website":"https://www.trantow.com/veritatis-eum-ex-et-non","address":"956 Steuber Walk\nPort Hermannmouth, MI 43871-6808","status":"inactive","_links":{"self":{"href":"https://gorest.co.in/public-api/users/1666"},"edit":{"href":"https://gorest.co.in/public-api/users/1666"},"avatar":{"href":"https://lorempixel.com/250/250/people/?90365"}}}]}


